<?xml version="1.0" encoding="UTF-8"?>
<!-- Generated by org.testng.reporters.JUnitReportReporter -->
<testsuite skipped="0" hostname="WKWIN5295644" name="apiManager.dynamicPayload" tests="3" failures="0" timestamp="2020-05-08T13:25:15 IST" time="5.187" errors="0">
  <testcase name="addBook" time="0.715" classname="apiManager.dynamicPayload"/>
  <system-out/>
  <testcase name="addBook" time="3.109" classname="apiManager.dynamicPayload"/>
  <system-out/>
  <testcase name="addBook" time="1.363" classname="apiManager.dynamicPayload"/>
  <system-out/>
</testsuite> <!-- apiManager.dynamicPayload -->
