<?xml version="1.0" encoding="UTF-8"?>
<!-- Generated by org.testng.reporters.JUnitReportReporter -->
<testsuite skipped="0" hostname="WKWIN5295644" name="apiManager.staticJson" tests="1" failures="0" timestamp="2020-05-11T16:01:49 IST" time="2.534" errors="0">
  <testcase name="testStaticJson" time="2.534" classname="apiManager.staticJson"/>
  <system-out/>
</testsuite> <!-- apiManager.staticJson -->
